2025-07-10 11:09:28,848 - INFO - Yaml file successfully loaded
2025-07-10 11:09:28,850 - INFO - Data ingestion started withmy_bucket_hotel_reservation00119 and file name is Hotel_Reservations.csv
2025-07-10 11:09:28,850 - INFO - Starting the data ingestion process
2025-07-10 11:09:40,823 - ERROR - Error while downloading the csv file
2025-07-10 11:09:40,823 - INFO - Data ingestion completed
2025-07-10 11:15:19,272 - INFO - Starting our model training pipeline
2025-07-10 11:15:19,284 - INFO - Starting our MLFLOW experimentation
2025-07-10 11:15:19,284 - INFO - Logging the training and testing datset to MLFLOW
2025-07-10 11:15:19,307 - INFO - Loading data from artifacts/processed\processed_train.csv
2025-07-10 11:15:19,307 - INFO - Loading data
2025-07-10 11:15:19,394 - INFO - Loading data from artifacts/processed\processed_test.csv
2025-07-10 11:15:19,394 - INFO - Loading data
2025-07-10 11:15:19,479 - INFO - Data splitted successfully for model training
2025-07-10 11:15:19,479 - INFO - Initialising our model
2025-07-10 11:15:19,479 - INFO - Starting our hyperparameter tuning
2025-07-10 11:15:19,479 - INFO - Starting our Hyperparamter tuning
2025-07-10 11:15:36,749 - INFO - Hyperparamter tuning completed
2025-07-10 11:15:36,749 - INFO - Best paramters are : {'boosting_type': 'gbdt', 'learning_rate': np.float64(0.1293700315892974), 'max_depth': 23, 'n_estimators': 314, 'num_leaves': 94}
2025-07-10 11:15:36,749 - INFO - Evaluating our model
2025-07-10 11:15:36,808 - INFO - Accuracy Score : 0.8806183115338883
2025-07-10 11:15:36,808 - INFO - Precision Score : 0.863667348329925
2025-07-10 11:15:36,808 - INFO - Recall Score : 0.9039239001189061
2025-07-10 11:15:36,808 - INFO - F1 Score : 0.8833372066000464
2025-07-10 11:15:36,808 - INFO - Saving the model
2025-07-10 11:15:36,855 - INFO - Model saved to artifacts/models/lgbm_model.pkl
2025-07-10 11:15:36,855 - INFO - Logging the model into MLFLOW
2025-07-10 11:15:36,861 - INFO - Logging Params and metrics to MLFLOW
2025-07-10 11:15:36,952 - INFO - Model Training sucesfullly completed
